# JRE version: Java(TM) SE Runtime Environment (8.0_101-b13) (build 1.8.0_101-b13)
# Java VM: Java HotSpot(TM) 64-Bit Server VM (25.101-b13 mixed mode bsd-amd64 compressed oops)
Heap:
 PSYoungGen      total 266752K, used 14847K [0x00000007aab00000, 0x00000007c0000000, 0x00000007c0000000)
  eden space 251904K, 0% used [0x00000007aab00000,0x00000007aab00000,0x00000007ba100000)
  from space 14848K, 99% used [0x00000007ba100000,0x00000007baf7fd70,0x00000007baf80000)
  to   space 33792K, 0% used [0x00000007bdf00000,0x00000007bdf00000,0x00000007c0000000)
 ParOldGen       total 62464K, used 62308K [0x0000000780000000, 0x0000000783d00000, 0x00000007aab00000)
  object space 62464K, 99% used [0x0000000780000000,0x0000000783cd93b8,0x0000000783d00000)
 Metaspace       used 23340K, capacity 23872K, committed 24192K, reserved 1071104K
  class space    used 2636K, capacity 2821K, committed 2944K, reserved 1048576K
GC Heap History (10 events):
Event: 4,739 GC heap after
Heap after GC invocations=6 (full 0):
 PSYoungGen      total 139264K, used 8225K [0x00000007aab00000, 0x00000007b3f00000, 0x00000007c0000000)
  eden space 130048K, 0% used [0x00000007aab00000,0x00000007aab00000,0x00000007b2a00000)
  from space 9216K, 89% used [0x00000007b3400000,0x00000007b3c086a0,0x00000007b3d00000)
  to   space 10240K, 0% used [0x00000007b2a00000,0x00000007b2a00000,0x00000007b3400000)
 ParOldGen       total 44032K, used 13517K [0x0000000780000000, 0x0000000782b00000, 0x00000007aab00000)
  object space 44032K, 30% used [0x0000000780000000,0x0000000780d334d8,0x0000000782b00000)
 Metaspace       used 19426K, capacity 19874K, committed 20096K, reserved 1067008K
  class space    used 2214K, capacity 2363K, committed 2432K, reserved 1048576K
}
Event: 5,026 GC heap before
{Heap before GC invocations=7 (full 0):
 PSYoungGen      total 139264K, used 26293K [0x00000007aab00000, 0x00000007b3f00000, 0x00000007c0000000)
  eden space 130048K, 13% used [0x00000007aab00000,0x00000007abca5050,0x00000007b2a00000)
  from space 9216K, 89% used [0x00000007b3400000,0x00000007b3c086a0,0x00000007b3d00000)
  to   space 10240K, 0% used [0x00000007b2a00000,0x00000007b2a00000,0x00000007b3400000)
 ParOldGen       total 44032K, used 13517K [0x0000000780000000, 0x0000000782b00000, 0x00000007aab00000)
  object space 44032K, 30% used [0x0000000780000000,0x0000000780d334d8,0x0000000782b00000)
 Metaspace       used 20634K, capacity 21114K, committed 21248K, reserved 1069056K
  class space    used 2354K, capacity 2499K, committed 2560K, reserved 1048576K
Event: 5,053 GC heap after
Heap after GC invocations=7 (full 0):
 PSYoungGen      total 140288K, used 7952K [0x00000007aab00000, 0x00000007bbe00000, 0x00000007c0000000)
  eden space 130048K, 0% used [0x00000007aab00000,0x00000007aab00000,0x00000007b2a00000)
  from space 10240K, 77% used [0x00000007b2a00000,0x00000007b31c4388,0x00000007b3400000)
  to   space 10752K, 0% used [0x00000007bb380000,0x00000007bb380000,0x00000007bbe00000)
 ParOldGen       total 44032K, used 14045K [0x0000000780000000, 0x0000000782b00000, 0x00000007aab00000)
  object space 44032K, 31% used [0x0000000780000000,0x0000000780db74d8,0x0000000782b00000)
 Metaspace       used 20634K, capacity 21114K, committed 21248K, reserved 1069056K
  class space    used 2354K, capacity 2499K, committed 2560K, reserved 1048576K
}
Event: 5,053 GC heap before
{Heap before GC invocations=8 (full 1):
 PSYoungGen      total 140288K, used 7952K [0x00000007aab00000, 0x00000007bbe00000, 0x00000007c0000000)
  eden space 130048K, 0% used [0x00000007aab00000,0x00000007aab00000,0x00000007b2a00000)
  from space 10240K, 77% used [0x00000007b2a00000,0x00000007b31c4388,0x00000007b3400000)
  to   space 10752K, 0% used [0x00000007bb380000,0x00000007bb380000,0x00000007bbe00000)
 ParOldGen       total 44032K, used 14045K [0x0000000780000000, 0x0000000782b00000, 0x00000007aab00000)
  object space 44032K, 31% used [0x0000000780000000,0x0000000780db74d8,0x0000000782b00000)
 Metaspace       used 20634K, capacity 21114K, committed 21248K, reserved 1069056K
  class space    used 2354K, capacity 2499K, committed 2560K, reserved 1048576K
Event: 5,161 GC heap after
Heap after GC invocations=8 (full 1):
 PSYoungGen      total 140288K, used 0K [0x00000007aab00000, 0x00000007bbe00000, 0x00000007c0000000)
  eden space 130048K, 0% used [0x00000007aab00000,0x00000007aab00000,0x00000007b2a00000)
  from space 10240K, 0% used [0x00000007b2a00000,0x00000007b2a00000,0x00000007b3400000)
  to   space 10752K, 0% used [0x00000007bb380000,0x00000007bb380000,0x00000007bbe00000)
 ParOldGen       total 44032K, used 14586K [0x0000000780000000, 0x0000000782b00000, 0x00000007aab00000)
  object space 44032K, 33% used [0x0000000780000000,0x0000000780e3e908,0x0000000782b00000)
 Metaspace       used 20634K, capacity 21114K, committed 21248K, reserved 1069056K
  class space    used 2354K, capacity 2499K, committed 2560K, reserved 1048576K
}
Event: 6,212 GC heap before
{Heap before GC invocations=9 (full 1):
 PSYoungGen      total 140288K, used 130048K [0x00000007aab00000, 0x00000007bbe00000, 0x00000007c0000000)
  eden space 130048K, 100% used [0x00000007aab00000,0x00000007b2a00000,0x00000007b2a00000)
  from space 10240K, 0% used [0x00000007b2a00000,0x00000007b2a00000,0x00000007b3400000)
  to   space 10752K, 0% used [0x00000007bb380000,0x00000007bb380000,0x00000007bbe00000)
 ParOldGen       total 44032K, used 14586K [0x0000000780000000, 0x0000000782b00000, 0x00000007aab00000)
  object space 44032K, 33% used [0x0000000780000000,0x0000000780e3e908,0x0000000782b00000)
 Metaspace       used 23315K, capacity 23872K, committed 24192K, reserved 1071104K
  class space    used 2636K, capacity 2821K, committed 2944K, reserved 1048576K
Event: 6,253 GC heap after
Heap after GC invocations=9 (full 1):
 PSYoungGen      total 221184K, used 10736K [0x00000007aab00000, 0x00000007bbe00000, 0x00000007c0000000)
  eden space 210432K, 0% used [0x00000007aab00000,0x00000007aab00000,0x00000007b7880000)
  from space 10752K, 99% used [0x00000007bb380000,0x00000007bbdfc180,0x00000007bbe00000)
  to   space 14848K, 0% used [0x00000007ba100000,0x00000007ba100000,0x00000007baf80000)
 ParOldGen       total 44032K, used 20666K [0x0000000780000000, 0x0000000782b00000, 0x00000007aab00000)
  object space 44032K, 46% used [0x0000000780000000,0x000000078142e838,0x0000000782b00000)
 Metaspace       used 23315K, capacity 23872K, committed 24192K, reserved 1071104K
  class space    used 2636K, capacity 2821K, committed 2944K, reserved 1048576K
}
Event: 7,094 GC heap before
{Heap before GC invocations=10 (full 1):
 PSYoungGen      total 221184K, used 221168K [0x00000007aab00000, 0x00000007bbe00000, 0x00000007c0000000)
  eden space 210432K, 100% used [0x00000007aab00000,0x00000007b7880000,0x00000007b7880000)
  from space 10752K, 99% used [0x00000007bb380000,0x00000007bbdfc180,0x00000007bbe00000)
  to   space 14848K, 0% used [0x00000007ba100000,0x00000007ba100000,0x00000007baf80000)
 ParOldGen       total 44032K, used 20666K [0x0000000780000000, 0x0000000782b00000, 0x00000007aab00000)
  object space 44032K, 46% used [0x0000000780000000,0x000000078142e838,0x0000000782b00000)
 Metaspace       used 23340K, capacity 23872K, committed 24192K, reserved 1071104K
  class space    used 2636K, capacity 2821K, committed 2944K, reserved 1048576K
Event: 7,243 GC heap after
Heap after GC invocations=10 (full 1):
 PSYoungGen      total 266752K, used 14847K [0x00000007aab00000, 0x00000007c0000000, 0x00000007c0000000)
  eden space 251904K, 0% used [0x00000007aab00000,0x00000007aab00000,0x00000007ba100000)
  from space 14848K, 99% used [0x00000007ba100000,0x00000007baf7fd70,0x00000007baf80000)
  to   space 33792K, 0% used [0x00000007bdf00000,0x00000007bdf00000,0x00000007c0000000)
 ParOldGen       total 62464K, used 62308K [0x0000000780000000, 0x0000000783d00000, 0x00000007aab00000)
  object space 62464K, 99% used [0x0000000780000000,0x0000000783cd93b8,0x0000000783d00000)
 Metaspace       used 23340K, capacity 23872K, committed 24192K, reserved 1071104K
  class space    used 2636K, capacity 2821K, committed 2944K, reserved 1048576K
}
Event: 7,243 GC heap before
{Heap before GC invocations=11 (full 2):
 PSYoungGen      total 266752K, used 14847K [0x00000007aab00000, 0x00000007c0000000, 0x00000007c0000000)
  eden space 251904K, 0% used [0x00000007aab00000,0x00000007aab00000,0x00000007ba100000)
  from space 14848K, 99% used [0x00000007ba100000,0x00000007baf7fd70,0x00000007baf80000)
  to   space 33792K, 0% used [0x00000007bdf00000,0x00000007bdf00000,0x00000007c0000000)
 ParOldGen       total 62464K, used 62308K [0x0000000780000000, 0x0000000783d00000, 0x00000007aab00000)
  object space 62464K, 99% used [0x0000000780000000,0x0000000783cd93b8,0x0000000783d00000)
 Metaspace       used 23340K, capacity 23872K, committed 24192K, reserved 1071104K
  class space    used 2636K, capacity 2821K, committed 2944K, reserved 1048576K

