# JRE version: Java(TM) SE Runtime Environment (8.0_101-b13) (build 1.8.0_101-b13)
# Java VM: Java HotSpot(TM) 64-Bit Server VM (25.101-b13 mixed mode bsd-amd64 compressed oops)
Heap:
 PSYoungGen      total 280064K, used 19005K [0x00000007aab00000, 0x00000007bf780000, 0x00000007c0000000)
  eden space 260608K, 0% used [0x00000007aab00000,0x00000007aab00000,0x00000007ba980000)
  from space 19456K, 97% used [0x00000007ba980000,0x00000007bbc0f770,0x00000007bbc80000)
  to   space 39936K, 0% used [0x00000007bd080000,0x00000007bd080000,0x00000007bf780000)
 ParOldGen       total 95232K, used 30528K [0x0000000780000000, 0x0000000785d00000, 0x00000007aab00000)
  object space 95232K, 32% used [0x0000000780000000,0x0000000781dd0170,0x0000000785d00000)
 Metaspace       used 61753K, capacity 62720K, committed 63104K, reserved 1103872K
  class space    used 7508K, capacity 7807K, committed 7808K, reserved 1048576K
GC Heap History (10 events):
Event: 11,222 GC heap after
Heap after GC invocations=14 (full 2):
 PSYoungGen      total 251904K, used 37361K [0x00000007aab00000, 0x00000007bd900000, 0x00000007c0000000)
  eden space 214528K, 0% used [0x00000007aab00000,0x00000007aab00000,0x00000007b7c80000)
  from space 37376K, 99% used [0x00000007ba880000,0x00000007bccfc5f8,0x00000007bcd00000)
  to   space 45056K, 0% used [0x00000007b7c80000,0x00000007b7c80000,0x00000007ba880000)
 ParOldGen       total 92160K, used 67033K [0x0000000780000000, 0x0000000785a00000, 0x00000007aab00000)
  object space 92160K, 72% used [0x0000000780000000,0x0000000784176628,0x0000000785a00000)
 Metaspace       used 30445K, capacity 31026K, committed 31488K, reserved 1077248K
  class space    used 3547K, capacity 3749K, committed 3840K, reserved 1048576K
}
Event: 12,858 GC heap before
{Heap before GC invocations=15 (full 2):
 PSYoungGen      total 251904K, used 129289K [0x00000007aab00000, 0x00000007bd900000, 0x00000007c0000000)
  eden space 214528K, 42% used [0x00000007aab00000,0x00000007b04c5ec0,0x00000007b7c80000)
  from space 37376K, 99% used [0x00000007ba880000,0x00000007bccfc5f8,0x00000007bcd00000)
  to   space 45056K, 0% used [0x00000007b7c80000,0x00000007b7c80000,0x00000007ba880000)
 ParOldGen       total 92160K, used 67033K [0x0000000780000000, 0x0000000785a00000, 0x00000007aab00000)
  object space 92160K, 72% used [0x0000000780000000,0x0000000784176628,0x0000000785a00000)
 Metaspace       used 39309K, capacity 40046K, committed 40320K, reserved 1085440K
  class space    used 4752K, capacity 4974K, committed 4992K, reserved 1048576K
Event: 12,885 GC heap after
Heap after GC invocations=15 (full 2):
 PSYoungGen      total 259584K, used 10459K [0x00000007aab00000, 0x00000007c0000000, 0x00000007c0000000)
  eden space 214528K, 0% used [0x00000007aab00000,0x00000007aab00000,0x00000007b7c80000)
  from space 45056K, 23% used [0x00000007b7c80000,0x00000007b86b6dc0,0x00000007ba880000)
  to   space 43520K, 0% used [0x00000007bd580000,0x00000007bd580000,0x00000007c0000000)
 ParOldGen       total 92160K, used 70583K [0x0000000780000000, 0x0000000785a00000, 0x00000007aab00000)
  object space 92160K, 76% used [0x0000000780000000,0x00000007844edd18,0x0000000785a00000)
 Metaspace       used 39309K, capacity 40046K, committed 40320K, reserved 1085440K
  class space    used 4752K, capacity 4974K, committed 4992K, reserved 1048576K
}
Event: 12,885 GC heap before
{Heap before GC invocations=16 (full 3):
 PSYoungGen      total 259584K, used 10459K [0x00000007aab00000, 0x00000007c0000000, 0x00000007c0000000)
  eden space 214528K, 0% used [0x00000007aab00000,0x00000007aab00000,0x00000007b7c80000)
  from space 45056K, 23% used [0x00000007b7c80000,0x00000007b86b6dc0,0x00000007ba880000)
  to   space 43520K, 0% used [0x00000007bd580000,0x00000007bd580000,0x00000007c0000000)
 ParOldGen       total 92160K, used 70583K [0x0000000780000000, 0x0000000785a00000, 0x00000007aab00000)
  object space 92160K, 76% used [0x0000000780000000,0x00000007844edd18,0x0000000785a00000)
 Metaspace       used 39309K, capacity 40046K, committed 40320K, reserved 1085440K
  class space    used 4752K, capacity 4974K, committed 4992K, reserved 1048576K
Event: 13,095 GC heap after
Heap after GC invocations=16 (full 3):
 PSYoungGen      total 259584K, used 0K [0x00000007aab00000, 0x00000007c0000000, 0x00000007c0000000)
  eden space 214528K, 0% used [0x00000007aab00000,0x00000007aab00000,0x00000007b7c80000)
  from space 45056K, 0% used [0x00000007b7c80000,0x00000007b7c80000,0x00000007ba880000)
  to   space 43520K, 0% used [0x00000007bd580000,0x00000007bd580000,0x00000007c0000000)
 ParOldGen       total 95232K, used 30512K [0x0000000780000000, 0x0000000785d00000, 0x00000007aab00000)
  object space 95232K, 32% used [0x0000000780000000,0x0000000781dcc170,0x0000000785d00000)
 Metaspace       used 39309K, capacity 40046K, committed 40320K, reserved 1085440K
  class space    used 4752K, capacity 4974K, committed 4992K, reserved 1048576K
}
Event: 17,455 GC heap before
{Heap before GC invocations=17 (full 3):
 PSYoungGen      total 259584K, used 214528K [0x00000007aab00000, 0x00000007c0000000, 0x00000007c0000000)
  eden space 214528K, 100% used [0x00000007aab00000,0x00000007b7c80000,0x00000007b7c80000)
  from space 45056K, 0% used [0x00000007b7c80000,0x00000007b7c80000,0x00000007ba880000)
  to   space 43520K, 0% used [0x00000007bd580000,0x00000007bd580000,0x00000007c0000000)
 ParOldGen       total 95232K, used 30512K [0x0000000780000000, 0x0000000785d00000, 0x00000007aab00000)
  object space 95232K, 32% used [0x0000000780000000,0x0000000781dcc170,0x0000000785d00000)
 Metaspace       used 52002K, capacity 52756K, committed 53248K, reserved 1095680K
  class space    used 6418K, capacity 6651K, committed 6656K, reserved 1048576K
Event: 17,508 GC heap after
Heap after GC invocations=17 (full 3):
 PSYoungGen      total 297472K, used 17408K [0x00000007aab00000, 0x00000007bf980000, 0x00000007c0000000)
  eden space 260608K, 0% used [0x00000007aab00000,0x00000007aab00000,0x00000007ba980000)
  from space 36864K, 47% used [0x00000007bd580000,0x00000007be680188,0x00000007bf980000)
  to   space 40960K, 0% used [0x00000007ba980000,0x00000007ba980000,0x00000007bd180000)
 ParOldGen       total 95232K, used 30520K [0x0000000780000000, 0x0000000785d00000, 0x00000007aab00000)
  object space 95232K, 32% used [0x0000000780000000,0x0000000781dce170,0x0000000785d00000)
 Metaspace       used 52002K, capacity 52756K, committed 53248K, reserved 1095680K
  class space    used 6418K, capacity 6651K, committed 6656K, reserved 1048576K
}
Event: 263,949 GC heap before
{Heap before GC invocations=18 (full 3):
 PSYoungGen      total 297472K, used 277216K [0x00000007aab00000, 0x00000007bf980000, 0x00000007c0000000)
  eden space 260608K, 99% used [0x00000007aab00000,0x00000007ba8b81f8,0x00000007ba980000)
  from space 36864K, 47% used [0x00000007bd580000,0x00000007be680188,0x00000007bf980000)
  to   space 40960K, 0% used [0x00000007ba980000,0x00000007ba980000,0x00000007bd180000)
 ParOldGen       total 95232K, used 30520K [0x0000000780000000, 0x0000000785d00000, 0x00000007aab00000)
  object space 95232K, 32% used [0x0000000780000000,0x0000000781dce170,0x0000000785d00000)
 Metaspace       used 61753K, capacity 62720K, committed 63104K, reserved 1103872K
  class space    used 7508K, capacity 7807K, committed 7808K, reserved 1048576K
Event: 263,973 GC heap after
Heap after GC invocations=18 (full 3):
 PSYoungGen      total 280064K, used 19005K [0x00000007aab00000, 0x00000007bf780000, 0x00000007c0000000)
  eden space 260608K, 0% used [0x00000007aab00000,0x00000007aab00000,0x00000007ba980000)
  from space 19456K, 97% used [0x00000007ba980000,0x00000007bbc0f770,0x00000007bbc80000)
  to   space 39936K, 0% used [0x00000007bd080000,0x00000007bd080000,0x00000007bf780000)
 ParOldGen       total 95232K, used 30528K [0x0000000780000000, 0x0000000785d00000, 0x00000007aab00000)
  object space 95232K, 32% used [0x0000000780000000,0x0000000781dd0170,0x0000000785d00000)
 Metaspace       used 61753K, capacity 62720K, committed 63104K, reserved 1103872K
  class space    used 7508K, capacity 7807K, committed 7808K, reserved 1048576K
}
Event: 263,973 GC heap before
{Heap before GC invocations=19 (full 4):
 PSYoungGen      total 280064K, used 19005K [0x00000007aab00000, 0x00000007bf780000, 0x00000007c0000000)
  eden space 260608K, 0% used [0x00000007aab00000,0x00000007aab00000,0x00000007ba980000)
  from space 19456K, 97% used [0x00000007ba980000,0x00000007bbc0f770,0x00000007bbc80000)
  to   space 39936K, 0% used [0x00000007bd080000,0x00000007bd080000,0x00000007bf780000)
 ParOldGen       total 95232K, used 30528K [0x0000000780000000, 0x0000000785d00000, 0x00000007aab00000)
  object space 95232K, 32% used [0x0000000780000000,0x0000000781dd0170,0x0000000785d00000)
 Metaspace       used 61753K, capacity 62720K, committed 63104K, reserved 1103872K
  class space    used 7508K, capacity 7807K, committed 7808K, reserved 1048576K

