# JRE version: Java(TM) SE Runtime Environment (8.0_101-b13) (build 1.8.0_101-b13)
# Java VM: Java HotSpot(TM) 64-Bit Server VM (25.101-b13 mixed mode bsd-amd64 compressed oops)
Heap:
 PSYoungGen      total 266752K, used 243810K [0x00000007aab00000, 0x00000007c0000000, 0x00000007c0000000)
  eden space 251904K, 95% used [0x00000007aab00000,0x00000007b94c9fe8,0x00000007ba100000)
  from space 14848K, 29% used [0x00000007ba100000,0x00000007ba54ead8,0x00000007baf80000)
  to   space 34304K, 0% used [0x00000007bde80000,0x00000007bde80000,0x00000007c0000000)
 ParOldGen       total 119808K, used 63170K [0x0000000780000000, 0x0000000787500000, 0x00000007aab00000)
  object space 119808K, 52% used [0x0000000780000000,0x0000000783db0a78,0x0000000787500000)
 Metaspace       used 29198K, capacity 29894K, committed 30336K, reserved 1075200K
  class space    used 3374K, capacity 3589K, committed 3712K, reserved 1048576K
GC Heap History (10 events):
Event: 5,173 GC heap before
{Heap before GC invocations=7 (full 0):
 PSYoungGen      total 139264K, used 26360K [0x00000007aab00000, 0x00000007b3f00000, 0x00000007c0000000)
  eden space 130048K, 14% used [0x00000007aab00000,0x00000007abcca590,0x00000007b2a00000)
  from space 9216K, 88% used [0x00000007b3400000,0x00000007b3bf3dc8,0x00000007b3d00000)
  to   space 10240K, 0% used [0x00000007b2a00000,0x00000007b2a00000,0x00000007b3400000)
 ParOldGen       total 44032K, used 13612K [0x0000000780000000, 0x0000000782b00000, 0x00000007aab00000)
  object space 44032K, 30% used [0x0000000780000000,0x0000000780d4b308,0x0000000782b00000)
 Metaspace       used 20617K, capacity 21114K, committed 21248K, reserved 1069056K
  class space    used 2356K, capacity 2499K, committed 2560K, reserved 1048576K
Event: 5,208 GC heap after
Heap after GC invocations=7 (full 0):
 PSYoungGen      total 140288K, used 7824K [0x00000007aab00000, 0x00000007bbe00000, 0x00000007c0000000)
  eden space 130048K, 0% used [0x00000007aab00000,0x00000007aab00000,0x00000007b2a00000)
  from space 10240K, 76% used [0x00000007b2a00000,0x00000007b31a4010,0x00000007b3400000)
  to   space 10752K, 0% used [0x00000007bb380000,0x00000007bb380000,0x00000007bbe00000)
 ParOldGen       total 44032K, used 14236K [0x0000000780000000, 0x0000000782b00000, 0x00000007aab00000)
  object space 44032K, 32% used [0x0000000780000000,0x0000000780de7358,0x0000000782b00000)
 Metaspace       used 20617K, capacity 21114K, committed 21248K, reserved 1069056K
  class space    used 2356K, capacity 2499K, committed 2560K, reserved 1048576K
}
Event: 5,208 GC heap before
{Heap before GC invocations=8 (full 1):
 PSYoungGen      total 140288K, used 7824K [0x00000007aab00000, 0x00000007bbe00000, 0x00000007c0000000)
  eden space 130048K, 0% used [0x00000007aab00000,0x00000007aab00000,0x00000007b2a00000)
  from space 10240K, 76% used [0x00000007b2a00000,0x00000007b31a4010,0x00000007b3400000)
  to   space 10752K, 0% used [0x00000007bb380000,0x00000007bb380000,0x00000007bbe00000)
 ParOldGen       total 44032K, used 14236K [0x0000000780000000, 0x0000000782b00000, 0x00000007aab00000)
  object space 44032K, 32% used [0x0000000780000000,0x0000000780de7358,0x0000000782b00000)
 Metaspace       used 20617K, capacity 21114K, committed 21248K, reserved 1069056K
  class space    used 2356K, capacity 2499K, committed 2560K, reserved 1048576K
Event: 5,326 GC heap after
Heap after GC invocations=8 (full 1):
 PSYoungGen      total 140288K, used 0K [0x00000007aab00000, 0x00000007bbe00000, 0x00000007c0000000)
  eden space 130048K, 0% used [0x00000007aab00000,0x00000007aab00000,0x00000007b2a00000)
  from space 10240K, 0% used [0x00000007b2a00000,0x00000007b2a00000,0x00000007b3400000)
  to   space 10752K, 0% used [0x00000007bb380000,0x00000007bb380000,0x00000007bbe00000)
 ParOldGen       total 43520K, used 14582K [0x0000000780000000, 0x0000000782a80000, 0x00000007aab00000)
  object space 43520K, 33% used [0x0000000780000000,0x0000000780e3db78,0x0000000782a80000)
 Metaspace       used 20617K, capacity 21114K, committed 21248K, reserved 1069056K
  class space    used 2356K, capacity 2499K, committed 2560K, reserved 1048576K
}
Event: 6,245 GC heap before
{Heap before GC invocations=9 (full 1):
 PSYoungGen      total 140288K, used 130048K [0x00000007aab00000, 0x00000007bbe00000, 0x00000007c0000000)
  eden space 130048K, 100% used [0x00000007aab00000,0x00000007b2a00000,0x00000007b2a00000)
  from space 10240K, 0% used [0x00000007b2a00000,0x00000007b2a00000,0x00000007b3400000)
  to   space 10752K, 0% used [0x00000007bb380000,0x00000007bb380000,0x00000007bbe00000)
 ParOldGen       total 43520K, used 14590K [0x0000000780000000, 0x0000000782a80000, 0x00000007aab00000)
  object space 43520K, 33% used [0x0000000780000000,0x0000000780e3fba8,0x0000000782a80000)
 Metaspace       used 23289K, capacity 23872K, committed 24192K, reserved 1071104K
  class space    used 2639K, capacity 2821K, committed 2944K, reserved 1048576K
Event: 6,289 GC heap after
Heap after GC invocations=9 (full 1):
 PSYoungGen      total 223744K, used 10722K [0x00000007aab00000, 0x00000007bbe00000, 0x00000007c0000000)
  eden space 212992K, 0% used [0x00000007aab00000,0x00000007aab00000,0x00000007b7b00000)
  from space 10752K, 99% used [0x00000007bb380000,0x00000007bbdf8840,0x00000007bbe00000)
  to   space 14848K, 0% used [0x00000007ba100000,0x00000007ba100000,0x00000007baf80000)
 ParOldGen       total 43520K, used 20637K [0x0000000780000000, 0x0000000782a80000, 0x00000007aab00000)
  object space 43520K, 47% used [0x0000000780000000,0x0000000781427750,0x0000000782a80000)
 Metaspace       used 23289K, capacity 23872K, committed 24192K, reserved 1071104K
  class space    used 2639K, capacity 2821K, committed 2944K, reserved 1048576K
}
Event: 7,091 GC heap before
{Heap before GC invocations=10 (full 1):
 PSYoungGen      total 223744K, used 223714K [0x00000007aab00000, 0x00000007bbe00000, 0x00000007c0000000)
  eden space 212992K, 100% used [0x00000007aab00000,0x00000007b7b00000,0x00000007b7b00000)
  from space 10752K, 99% used [0x00000007bb380000,0x00000007bbdf8840,0x00000007bbe00000)
  to   space 14848K, 0% used [0x00000007ba100000,0x00000007ba100000,0x00000007baf80000)
 ParOldGen       total 43520K, used 20725K [0x0000000780000000, 0x0000000782a80000, 0x00000007aab00000)
  object space 43520K, 47% used [0x0000000780000000,0x000000078143d560,0x0000000782a80000)
 Metaspace       used 23331K, capacity 23872K, committed 24192K, reserved 1071104K
  class space    used 2639K, capacity 2821K, committed 2944K, reserved 1048576K
Event: 7,259 GC heap after
Heap after GC invocations=10 (full 1):
 PSYoungGen      total 266752K, used 14820K [0x00000007aab00000, 0x00000007c0000000, 0x00000007c0000000)
  eden space 251904K, 0% used [0x00000007aab00000,0x00000007aab00000,0x00000007ba100000)
  from space 14848K, 99% used [0x00000007ba100000,0x00000007baf79198,0x00000007baf80000)
  to   space 34304K, 0% used [0x00000007bde80000,0x00000007bde80000,0x00000007c0000000)
 ParOldGen       total 63488K, used 63249K [0x0000000780000000, 0x0000000783e00000, 0x00000007aab00000)
  object space 63488K, 99% used [0x0000000780000000,0x0000000783dc44a8,0x0000000783e00000)
 Metaspace       used 23331K, capacity 23872K, committed 24192K, reserved 1071104K
  class space    used 2639K, capacity 2821K, committed 2944K, reserved 1048576K
}
Event: 7,259 GC heap before
{Heap before GC invocations=11 (full 2):
 PSYoungGen      total 266752K, used 14820K [0x00000007aab00000, 0x00000007c0000000, 0x00000007c0000000)
  eden space 251904K, 0% used [0x00000007aab00000,0x00000007aab00000,0x00000007ba100000)
  from space 14848K, 99% used [0x00000007ba100000,0x00000007baf79198,0x00000007baf80000)
  to   space 34304K, 0% used [0x00000007bde80000,0x00000007bde80000,0x00000007c0000000)
 ParOldGen       total 63488K, used 63249K [0x0000000780000000, 0x0000000783e00000, 0x00000007aab00000)
  object space 63488K, 99% used [0x0000000780000000,0x0000000783dc44a8,0x0000000783e00000)
 Metaspace       used 23331K, capacity 23872K, committed 24192K, reserved 1071104K
  class space    used 2639K, capacity 2821K, committed 2944K, reserved 1048576K
Event: 7,476 GC heap after
Heap after GC invocations=11 (full 2):
 PSYoungGen      total 266752K, used 4410K [0x00000007aab00000, 0x00000007c0000000, 0x00000007c0000000)
  eden space 251904K, 0% used [0x00000007aab00000,0x00000007aab00000,0x00000007ba100000)
  from space 14848K, 29% used [0x00000007ba100000,0x00000007ba54ead8,0x00000007baf80000)
  to   space 34304K, 0% used [0x00000007bde80000,0x00000007bde80000,0x00000007c0000000)
 ParOldGen       total 119808K, used 63170K [0x0000000780000000, 0x0000000787500000, 0x00000007aab00000)
  object space 119808K, 52% used [0x0000000780000000,0x0000000783db0a78,0x0000000787500000)
 Metaspace       used 23331K, capacity 23872K, committed 24192K, reserved 1071104K
  class space    used 2639K, capacity 2821K, committed 2944K, reserved 1048576K
}

