# JRE version: Java(TM) SE Runtime Environment (8.0_101-b13) (build 1.8.0_101-b13)
# Java VM: Java HotSpot(TM) 64-Bit Server VM (25.101-b13 mixed mode bsd-amd64 compressed oops)
Heap:
 PSYoungGen      total 140288K, used 22906K [0x00000007aab00000, 0x00000007bc200000, 0x00000007c0000000)
  eden space 127488K, 17% used [0x00000007aab00000,0x00000007ac15e9f0,0x00000007b2780000)
  from space 12800K, 0% used [0x00000007b2780000,0x00000007b2780000,0x00000007b3400000)
  to   space 15360K, 0% used [0x00000007bb300000,0x00000007bb300000,0x00000007bc200000)
 ParOldGen       total 49152K, used 20657K [0x0000000780000000, 0x0000000783000000, 0x00000007aab00000)
  object space 49152K, 42% used [0x0000000780000000,0x000000078142c6b8,0x0000000783000000)
 Metaspace       used 21955K, capacity 22412K, committed 22704K, reserved 1069056K
  class space    used 2614K, capacity 2740K, committed 2816K, reserved 1048576K
GC Heap History (10 events):
Event: 2,315 GC heap before
{Heap before GC invocations=4 (full 0):
 PSYoungGen      total 35328K, used 35296K [0x00000007aab00000, 0x00000007af000000, 0x00000007c0000000)
  eden space 32768K, 100% used [0x00000007aab00000,0x00000007acb00000,0x00000007acb00000)
  from space 2560K, 98% used [0x00000007acb00000,0x00000007acd78020,0x00000007acd80000)
  to   space 2560K, 0% used [0x00000007aed80000,0x00000007aed80000,0x00000007af000000)
 ParOldGen       total 44032K, used 4875K [0x0000000780000000, 0x0000000782b00000, 0x00000007aab00000)
  object space 44032K, 11% used [0x0000000780000000,0x00000007804c2f60,0x0000000782b00000)
 Metaspace       used 14751K, capacity 15054K, committed 15232K, reserved 1062912K
  class space    used 1819K, capacity 1911K, committed 1920K, reserved 1048576K
Event: 2,334 GC heap after
Heap after GC invocations=4 (full 0):
 PSYoungGen      total 68096K, used 2544K [0x00000007aab00000, 0x00000007af000000, 0x00000007c0000000)
  eden space 65536K, 0% used [0x00000007aab00000,0x00000007aab00000,0x00000007aeb00000)
  from space 2560K, 99% used [0x00000007aed80000,0x00000007aeffc010,0x00000007af000000)
  to   space 2560K, 0% used [0x00000007aeb00000,0x00000007aeb00000,0x00000007aed80000)
 ParOldGen       total 44032K, used 9433K [0x0000000780000000, 0x0000000782b00000, 0x00000007aab00000)
  object space 44032K, 21% used [0x0000000780000000,0x0000000780936640,0x0000000782b00000)
 Metaspace       used 14751K, capacity 15054K, committed 15232K, reserved 1062912K
  class space    used 1819K, capacity 1911K, committed 1920K, reserved 1048576K
}
Event: 3,456 GC heap before
{Heap before GC invocations=5 (full 0):
 PSYoungGen      total 68096K, used 68080K [0x00000007aab00000, 0x00000007af000000, 0x00000007c0000000)
  eden space 65536K, 100% used [0x00000007aab00000,0x00000007aeb00000,0x00000007aeb00000)
  from space 2560K, 99% used [0x00000007aed80000,0x00000007aeffc010,0x00000007af000000)
  to   space 2560K, 0% used [0x00000007aeb00000,0x00000007aeb00000,0x00000007aed80000)
 ParOldGen       total 44032K, used 9433K [0x0000000780000000, 0x0000000782b00000, 0x00000007aab00000)
  object space 44032K, 21% used [0x0000000780000000,0x0000000780936640,0x0000000782b00000)
 Metaspace       used 15903K, capacity 16292K, committed 16384K, reserved 1062912K
  class space    used 1915K, capacity 2020K, committed 2048K, reserved 1048576K
Event: 3,479 GC heap after
Heap after GC invocations=5 (full 0):
 PSYoungGen      total 68096K, used 2544K [0x00000007aab00000, 0x00000007b3d00000, 0x00000007c0000000)
  eden space 65536K, 0% used [0x00000007aab00000,0x00000007aab00000,0x00000007aeb00000)
  from space 2560K, 99% used [0x00000007aeb00000,0x00000007aed7c010,0x00000007aed80000)
  to   space 9216K, 0% used [0x00000007b3400000,0x00000007b3400000,0x00000007b3d00000)
 ParOldGen       total 44032K, used 13410K [0x0000000780000000, 0x0000000782b00000, 0x00000007aab00000)
  object space 44032K, 30% used [0x0000000780000000,0x0000000780d18a38,0x0000000782b00000)
 Metaspace       used 15903K, capacity 16292K, committed 16384K, reserved 1062912K
  class space    used 1915K, capacity 2020K, committed 2048K, reserved 1048576K
}
Event: 4,665 GC heap before
{Heap before GC invocations=6 (full 0):
 PSYoungGen      total 68096K, used 68080K [0x00000007aab00000, 0x00000007b3d00000, 0x00000007c0000000)
  eden space 65536K, 100% used [0x00000007aab00000,0x00000007aeb00000,0x00000007aeb00000)
  from space 2560K, 99% used [0x00000007aeb00000,0x00000007aed7c010,0x00000007aed80000)
  to   space 9216K, 0% used [0x00000007b3400000,0x00000007b3400000,0x00000007b3d00000)
 ParOldGen       total 44032K, used 13410K [0x0000000780000000, 0x0000000782b00000, 0x00000007aab00000)
  object space 44032K, 30% used [0x0000000780000000,0x0000000780d18a38,0x0000000782b00000)
 Metaspace       used 20623K, capacity 21068K, committed 21296K, reserved 1069056K
  class space    used 2494K, capacity 2612K, committed 2688K, reserved 1048576K
Event: 4,707 GC heap after
Heap after GC invocations=6 (full 0):
 PSYoungGen      total 136704K, used 9200K [0x00000007aab00000, 0x00000007b4400000, 0x00000007c0000000)
  eden space 127488K, 0% used [0x00000007aab00000,0x00000007aab00000,0x00000007b2780000)
  from space 9216K, 99% used [0x00000007b3400000,0x00000007b3cfc180,0x00000007b3d00000)
  to   space 12800K, 0% used [0x00000007b2780000,0x00000007b2780000,0x00000007b3400000)
 ParOldGen       total 44032K, used 16852K [0x0000000780000000, 0x0000000782b00000, 0x00000007aab00000)
  object space 44032K, 38% used [0x0000000780000000,0x0000000781075120,0x0000000782b00000)
 Metaspace       used 20623K, capacity 21068K, committed 21296K, reserved 1069056K
  class space    used 2494K, capacity 2612K, committed 2688K, reserved 1048576K
}
Event: 4,856 GC heap before
{Heap before GC invocations=7 (full 0):
 PSYoungGen      total 136704K, used 22421K [0x00000007aab00000, 0x00000007b4400000, 0x00000007c0000000)
  eden space 127488K, 10% used [0x00000007aab00000,0x00000007ab7e9560,0x00000007b2780000)
  from space 9216K, 99% used [0x00000007b3400000,0x00000007b3cfc180,0x00000007b3d00000)
  to   space 12800K, 0% used [0x00000007b2780000,0x00000007b2780000,0x00000007b3400000)
 ParOldGen       total 44032K, used 16852K [0x0000000780000000, 0x0000000782b00000, 0x00000007aab00000)
  object space 44032K, 38% used [0x0000000780000000,0x0000000781075120,0x0000000782b00000)
 Metaspace       used 20766K, capacity 21132K, committed 21296K, reserved 1069056K
  class space    used 2505K, capacity 2612K, committed 2688K, reserved 1048576K
Event: 4,895 GC heap after
Heap after GC invocations=7 (full 0):
 PSYoungGen      total 140288K, used 12669K [0x00000007aab00000, 0x00000007bc200000, 0x00000007c0000000)
  eden space 127488K, 0% used [0x00000007aab00000,0x00000007aab00000,0x00000007b2780000)
  from space 12800K, 98% used [0x00000007b2780000,0x00000007b33df4d8,0x00000007b3400000)
  to   space 15360K, 0% used [0x00000007bb300000,0x00000007bb300000,0x00000007bc200000)
 ParOldGen       total 44032K, used 17388K [0x0000000780000000, 0x0000000782b00000, 0x00000007aab00000)
  object space 44032K, 39% used [0x0000000780000000,0x00000007810fb140,0x0000000782b00000)
 Metaspace       used 20766K, capacity 21132K, committed 21296K, reserved 1069056K
  class space    used 2505K, capacity 2612K, committed 2688K, reserved 1048576K
}
Event: 4,895 GC heap before
{Heap before GC invocations=8 (full 1):
 PSYoungGen      total 140288K, used 12669K [0x00000007aab00000, 0x00000007bc200000, 0x00000007c0000000)
  eden space 127488K, 0% used [0x00000007aab00000,0x00000007aab00000,0x00000007b2780000)
  from space 12800K, 98% used [0x00000007b2780000,0x00000007b33df4d8,0x00000007b3400000)
  to   space 15360K, 0% used [0x00000007bb300000,0x00000007bb300000,0x00000007bc200000)
 ParOldGen       total 44032K, used 17388K [0x0000000780000000, 0x0000000782b00000, 0x00000007aab00000)
  object space 44032K, 39% used [0x0000000780000000,0x00000007810fb140,0x0000000782b00000)
 Metaspace       used 20766K, capacity 21132K, committed 21296K, reserved 1069056K
  class space    used 2505K, capacity 2612K, committed 2688K, reserved 1048576K
Event: 5,064 GC heap after
Heap after GC invocations=8 (full 1):
 PSYoungGen      total 140288K, used 0K [0x00000007aab00000, 0x00000007bc200000, 0x00000007c0000000)
  eden space 127488K, 0% used [0x00000007aab00000,0x00000007aab00000,0x00000007b2780000)
  from space 12800K, 0% used [0x00000007b2780000,0x00000007b2780000,0x00000007b3400000)
  to   space 15360K, 0% used [0x00000007bb300000,0x00000007bb300000,0x00000007bc200000)
 ParOldGen       total 49152K, used 20657K [0x0000000780000000, 0x0000000783000000, 0x00000007aab00000)
  object space 49152K, 42% used [0x0000000780000000,0x000000078142c6b8,0x0000000783000000)
 Metaspace       used 20766K, capacity 21132K, committed 21296K, reserved 1069056K
  class space    used 2505K, capacity 2612K, committed 2688K, reserved 1048576K
}

