# JRE version: Java(TM) SE Runtime Environment (8.0_101-b13) (build 1.8.0_101-b13)
# Java VM: Java HotSpot(TM) 64-Bit Server VM (25.101-b13 mixed mode bsd-amd64 compressed oops)
Heap:
 PSYoungGen      total 139264K, used 26510K [0x00000007aab00000, 0x00000007b3f00000, 0x00000007c0000000)
  eden space 130048K, 13% used [0x00000007aab00000,0x00000007abcc4a38,0x00000007b2a00000)
  from space 9216K, 90% used [0x00000007b3400000,0x00000007b3c1efb0,0x00000007b3d00000)
  to   space 10240K, 75% used [0x00000007b2a00000,0x00000007b318c680,0x00000007b3400000)
 ParOldGen       total 699392K, used 14281K [0x0000000780000000, 0x00000007aab00000, 0x00000007aab00000)
  object space 699392K, 2% used [0x0000000780000000,0x0000000780df2540,0x00000007aab00000)
 Metaspace       used 20651K, capacity 21114K, committed 21248K, reserved 1069056K
  class space    used 2352K, capacity 2499K, committed 2560K, reserved 1048576K
GC Heap History (10 events):
Event: 1,364 GC heap after
Heap after GC invocations=3 (full 0):
 PSYoungGen      total 35328K, used 2544K [0x00000007aab00000, 0x00000007af000000, 0x00000007c0000000)
  eden space 32768K, 0% used [0x00000007aab00000,0x00000007aab00000,0x00000007acb00000)
  from space 2560K, 99% used [0x00000007acb00000,0x00000007acd7c030,0x00000007acd80000)
  to   space 2560K, 0% used [0x00000007aed80000,0x00000007aed80000,0x00000007af000000)
 ParOldGen       total 44032K, used 4902K [0x0000000780000000, 0x0000000782b00000, 0x00000007aab00000)
  object space 44032K, 11% used [0x0000000780000000,0x00000007804c9af8,0x0000000782b00000)
 Metaspace       used 11344K, capacity 11556K, committed 11776K, reserved 1058816K
  class space    used 1427K, capacity 1512K, committed 1536K, reserved 1048576K
}
Event: 2,289 GC heap before
{Heap before GC invocations=4 (full 0):
 PSYoungGen      total 35328K, used 35312K [0x00000007aab00000, 0x00000007af000000, 0x00000007c0000000)
  eden space 32768K, 100% used [0x00000007aab00000,0x00000007acb00000,0x00000007acb00000)
  from space 2560K, 99% used [0x00000007acb00000,0x00000007acd7c030,0x00000007acd80000)
  to   space 2560K, 0% used [0x00000007aed80000,0x00000007aed80000,0x00000007af000000)
 ParOldGen       total 44032K, used 4902K [0x0000000780000000, 0x0000000782b00000, 0x00000007aab00000)
  object space 44032K, 11% used [0x0000000780000000,0x00000007804c9af8,0x0000000782b00000)
 Metaspace       used 14747K, capacity 15038K, committed 15232K, reserved 1062912K
  class space    used 1816K, capacity 1911K, committed 1920K, reserved 1048576K
Event: 2,303 GC heap after
Heap after GC invocations=4 (full 0):
 PSYoungGen      total 68096K, used 2528K [0x00000007aab00000, 0x00000007af000000, 0x00000007c0000000)
  eden space 65536K, 0% used [0x00000007aab00000,0x00000007aab00000,0x00000007aeb00000)
  from space 2560K, 98% used [0x00000007aed80000,0x00000007aeff8020,0x00000007af000000)
  to   space 2560K, 0% used [0x00000007aeb00000,0x00000007aeb00000,0x00000007aed80000)
 ParOldGen       total 44032K, used 9534K [0x0000000780000000, 0x0000000782b00000, 0x00000007aab00000)
  object space 44032K, 21% used [0x0000000780000000,0x000000078094faf0,0x0000000782b00000)
 Metaspace       used 14747K, capacity 15038K, committed 15232K, reserved 1062912K
  class space    used 1816K, capacity 1911K, committed 1920K, reserved 1048576K
}
Event: 3,321 GC heap before
{Heap before GC invocations=5 (full 0):
 PSYoungGen      total 68096K, used 68064K [0x00000007aab00000, 0x00000007af000000, 0x00000007c0000000)
  eden space 65536K, 100% used [0x00000007aab00000,0x00000007aeb00000,0x00000007aeb00000)
  from space 2560K, 98% used [0x00000007aed80000,0x00000007aeff8020,0x00000007af000000)
  to   space 2560K, 0% used [0x00000007aeb00000,0x00000007aeb00000,0x00000007aed80000)
 ParOldGen       total 44032K, used 9534K [0x0000000780000000, 0x0000000782b00000, 0x00000007aab00000)
  object space 44032K, 21% used [0x0000000780000000,0x000000078094faf0,0x0000000782b00000)
 Metaspace       used 15881K, capacity 16276K, committed 16384K, reserved 1062912K
  class space    used 1911K, capacity 2020K, committed 2048K, reserved 1048576K
Event: 3,343 GC heap after
Heap after GC invocations=5 (full 0):
 PSYoungGen      total 68096K, used 2544K [0x00000007aab00000, 0x00000007b3d00000, 0x00000007c0000000)
  eden space 65536K, 0% used [0x00000007aab00000,0x00000007aab00000,0x00000007aeb00000)
  from space 2560K, 99% used [0x00000007aeb00000,0x00000007aed7c030,0x00000007aed80000)
  to   space 9216K, 0% used [0x00000007b3400000,0x00000007b3400000,0x00000007b3d00000)
 ParOldGen       total 44032K, used 13521K [0x0000000780000000, 0x0000000782b00000, 0x00000007aab00000)
  object space 44032K, 30% used [0x0000000780000000,0x0000000780d344f0,0x0000000782b00000)
 Metaspace       used 15881K, capacity 16276K, committed 16384K, reserved 1062912K
  class space    used 1911K, capacity 2020K, committed 2048K, reserved 1048576K
}
Event: 4,655 GC heap before
{Heap before GC invocations=6 (full 0):
 PSYoungGen      total 68096K, used 68080K [0x00000007aab00000, 0x00000007b3d00000, 0x00000007c0000000)
  eden space 65536K, 100% used [0x00000007aab00000,0x00000007aeb00000,0x00000007aeb00000)
  from space 2560K, 99% used [0x00000007aeb00000,0x00000007aed7c030,0x00000007aed80000)
  to   space 9216K, 0% used [0x00000007b3400000,0x00000007b3400000,0x00000007b3d00000)
 ParOldGen       total 44032K, used 13521K [0x0000000780000000, 0x0000000782b00000, 0x00000007aab00000)
  object space 44032K, 30% used [0x0000000780000000,0x0000000780d344f0,0x0000000782b00000)
 Metaspace       used 19439K, capacity 19938K, committed 20096K, reserved 1067008K
  class space    used 2213K, capacity 2363K, committed 2432K, reserved 1048576K
Event: 4,684 GC heap after
Heap after GC invocations=6 (full 0):
 PSYoungGen      total 139264K, used 8315K [0x00000007aab00000, 0x00000007b3f00000, 0x00000007c0000000)
  eden space 130048K, 0% used [0x00000007aab00000,0x00000007aab00000,0x00000007b2a00000)
  from space 9216K, 90% used [0x00000007b3400000,0x00000007b3c1efb0,0x00000007b3d00000)
  to   space 10240K, 0% used [0x00000007b2a00000,0x00000007b2a00000,0x00000007b3400000)
 ParOldGen       total 44032K, used 13529K [0x0000000780000000, 0x0000000782b00000, 0x00000007aab00000)
  object space 44032K, 30% used [0x0000000780000000,0x0000000780d364f0,0x0000000782b00000)
 Metaspace       used 19439K, capacity 19938K, committed 20096K, reserved 1067008K
  class space    used 2213K, capacity 2363K, committed 2432K, reserved 1048576K
}
Event: 4,973 GC heap before
{Heap before GC invocations=7 (full 0):
 PSYoungGen      total 139264K, used 26510K [0x00000007aab00000, 0x00000007b3f00000, 0x00000007c0000000)
  eden space 130048K, 13% used [0x00000007aab00000,0x00000007abcc4a38,0x00000007b2a00000)
  from space 9216K, 90% used [0x00000007b3400000,0x00000007b3c1efb0,0x00000007b3d00000)
  to   space 10240K, 0% used [0x00000007b2a00000,0x00000007b2a00000,0x00000007b3400000)
 ParOldGen       total 44032K, used 13529K [0x0000000780000000, 0x0000000782b00000, 0x00000007aab00000)
  object space 44032K, 30% used [0x0000000780000000,0x0000000780d364f0,0x0000000782b00000)
 Metaspace       used 20651K, capacity 21114K, committed 21248K, reserved 1069056K
  class space    used 2352K, capacity 2499K, committed 2560K, reserved 1048576K
Event: 5,011 GC heap after
Heap after GC invocations=7 (full 0):
 PSYoungGen      total 139264K, used 26510K [0x00000007aab00000, 0x00000007b3f00000, 0x00000007c0000000)
  eden space 130048K, 13% used [0x00000007aab00000,0x00000007abcc4a38,0x00000007b2a00000)
  from space 9216K, 90% used [0x00000007b3400000,0x00000007b3c1efb0,0x00000007b3d00000)
  to   space 10240K, 75% used [0x00000007b2a00000,0x00000007b318c680,0x00000007b3400000)
 ParOldGen       total 699392K, used 14281K [0x0000000780000000, 0x00000007aab00000, 0x00000007aab00000)
  object space 699392K, 2% used [0x0000000780000000,0x0000000780df2540,0x00000007aab00000)
 Metaspace       used 20651K, capacity 21114K, committed 21248K, reserved 1069056K
  class space    used 2352K, capacity 2499K, committed 2560K, reserved 1048576K
}
Event: 5,011 GC heap before
{Heap before GC invocations=8 (full 1):
 PSYoungGen      total 139264K, used 26510K [0x00000007aab00000, 0x00000007b3f00000, 0x00000007c0000000)
  eden space 130048K, 13% used [0x00000007aab00000,0x00000007abcc4a38,0x00000007b2a00000)
  from space 9216K, 90% used [0x00000007b3400000,0x00000007b3c1efb0,0x00000007b3d00000)
  to   space 10240K, 75% used [0x00000007b2a00000,0x00000007b318c680,0x00000007b3400000)
 ParOldGen       total 699392K, used 14281K [0x0000000780000000, 0x00000007aab00000, 0x00000007aab00000)
  object space 699392K, 2% used [0x0000000780000000,0x0000000780df2540,0x00000007aab00000)
 Metaspace       used 20651K, capacity 21114K, committed 21248K, reserved 1069056K
  class space    used 2352K, capacity 2499K, committed 2560K, reserved 1048576K

