# JRE version: Java(TM) SE Runtime Environment (8.0_101-b13) (build 1.8.0_101-b13)
# Java VM: Java HotSpot(TM) 64-Bit Server VM (25.101-b13 mixed mode bsd-amd64 compressed oops)
Heap:
 PSYoungGen      total 300032K, used 25002K [0x00000007aab00000, 0x00000007c0000000, 0x00000007c0000000)
  eden space 259072K, 9% used [0x00000007aab00000,0x00000007ac36abd0,0x00000007ba800000)
  from space 40960K, 0% used [0x00000007ba800000,0x00000007ba800000,0x00000007bd000000)
  to   space 41984K, 0% used [0x00000007bd700000,0x00000007bd700000,0x00000007c0000000)
 ParOldGen       total 128512K, used 44746K [0x0000000780000000, 0x0000000787d80000, 0x00000007aab00000)
  object space 128512K, 34% used [0x0000000780000000,0x0000000782bb2b50,0x0000000787d80000)
 Metaspace       used 66337K, capacity 67316K, committed 67584K, reserved 1107968K
  class space    used 7845K, capacity 8129K, committed 8192K, reserved 1048576K
GC Heap History (10 events):
Event: 11,528 GC heap before
{Heap before GC invocations=15 (full 2):
 PSYoungGen      total 245760K, used 129749K [0x00000007aab00000, 0x00000007bd300000, 0x00000007c0000000)
  eden space 208384K, 44% used [0x00000007aab00000,0x00000007b053d358,0x00000007b7680000)
  from space 37376K, 99% used [0x00000007ba280000,0x00000007bc6f8420,0x00000007bc700000)
  to   space 45056K, 0% used [0x00000007b7680000,0x00000007b7680000,0x00000007ba280000)
 ParOldGen       total 93184K, used 65118K [0x0000000780000000, 0x0000000785b00000, 0x00000007aab00000)
  object space 93184K, 69% used [0x0000000780000000,0x0000000783f97868,0x0000000785b00000)
 Metaspace       used 39322K, capacity 40034K, committed 40320K, reserved 1085440K
  class space    used 4752K, capacity 4974K, committed 4992K, reserved 1048576K
Event: 11,551 GC heap after
Heap after GC invocations=15 (full 2):
 PSYoungGen      total 253440K, used 10328K [0x00000007aab00000, 0x00000007c0000000, 0x00000007c0000000)
  eden space 208384K, 0% used [0x00000007aab00000,0x00000007aab00000,0x00000007b7680000)
  from space 45056K, 22% used [0x00000007b7680000,0x00000007b8096108,0x00000007ba280000)
  to   space 43008K, 0% used [0x00000007bd600000,0x00000007bd600000,0x00000007c0000000)
 ParOldGen       total 93184K, used 68444K [0x0000000780000000, 0x0000000785b00000, 0x00000007aab00000)
  object space 93184K, 73% used [0x0000000780000000,0x00000007842d7088,0x0000000785b00000)
 Metaspace       used 39322K, capacity 40034K, committed 40320K, reserved 1085440K
  class space    used 4752K, capacity 4974K, committed 4992K, reserved 1048576K
}
Event: 11,551 GC heap before
{Heap before GC invocations=16 (full 3):
 PSYoungGen      total 253440K, used 10328K [0x00000007aab00000, 0x00000007c0000000, 0x00000007c0000000)
  eden space 208384K, 0% used [0x00000007aab00000,0x00000007aab00000,0x00000007b7680000)
  from space 45056K, 22% used [0x00000007b7680000,0x00000007b8096108,0x00000007ba280000)
  to   space 43008K, 0% used [0x00000007bd600000,0x00000007bd600000,0x00000007c0000000)
 ParOldGen       total 93184K, used 68444K [0x0000000780000000, 0x0000000785b00000, 0x00000007aab00000)
  object space 93184K, 73% used [0x0000000780000000,0x00000007842d7088,0x0000000785b00000)
 Metaspace       used 39322K, capacity 40034K, committed 40320K, reserved 1085440K
  class space    used 4752K, capacity 4974K, committed 4992K, reserved 1048576K
Event: 11,756 GC heap after
Heap after GC invocations=16 (full 3):
 PSYoungGen      total 253440K, used 0K [0x00000007aab00000, 0x00000007c0000000, 0x00000007c0000000)
  eden space 208384K, 0% used [0x00000007aab00000,0x00000007aab00000,0x00000007b7680000)
  from space 45056K, 0% used [0x00000007b7680000,0x00000007b7680000,0x00000007ba280000)
  to   space 43008K, 0% used [0x00000007bd600000,0x00000007bd600000,0x00000007c0000000)
 ParOldGen       total 96256K, used 30410K [0x0000000780000000, 0x0000000785e00000, 0x00000007aab00000)
  object space 96256K, 31% used [0x0000000780000000,0x0000000781db2af8,0x0000000785e00000)
 Metaspace       used 39322K, capacity 40034K, committed 40320K, reserved 1085440K
  class space    used 4752K, capacity 4974K, committed 4992K, reserved 1048576K
}
Event: 16,098 GC heap before
{Heap before GC invocations=17 (full 3):
 PSYoungGen      total 253440K, used 208384K [0x00000007aab00000, 0x00000007c0000000, 0x00000007c0000000)
  eden space 208384K, 100% used [0x00000007aab00000,0x00000007b7680000,0x00000007b7680000)
  from space 45056K, 0% used [0x00000007b7680000,0x00000007b7680000,0x00000007ba280000)
  to   space 43008K, 0% used [0x00000007bd600000,0x00000007bd600000,0x00000007c0000000)
 ParOldGen       total 96256K, used 30410K [0x0000000780000000, 0x0000000785e00000, 0x00000007aab00000)
  object space 96256K, 31% used [0x0000000780000000,0x0000000781db2af8,0x0000000785e00000)
 Metaspace       used 51769K, capacity 52598K, committed 52992K, reserved 1095680K
  class space    used 6396K, capacity 6648K, committed 6656K, reserved 1048576K
Event: 16,131 GC heap after
Heap after GC invocations=17 (full 3):
 PSYoungGen      total 293888K, used 16938K [0x00000007aab00000, 0x00000007bf800000, 0x00000007c0000000)
  eden space 259072K, 0% used [0x00000007aab00000,0x00000007aab00000,0x00000007ba800000)
  from space 34816K, 48% used [0x00000007bd600000,0x00000007be68a878,0x00000007bf800000)
  to   space 40960K, 0% used [0x00000007ba800000,0x00000007ba800000,0x00000007bd000000)
 ParOldGen       total 96256K, used 30418K [0x0000000780000000, 0x0000000785e00000, 0x00000007aab00000)
  object space 96256K, 31% used [0x0000000780000000,0x0000000781db4af8,0x0000000785e00000)
 Metaspace       used 51769K, capacity 52598K, committed 52992K, reserved 1095680K
  class space    used 6396K, capacity 6648K, committed 6656K, reserved 1048576K
}
Event: 26,113 GC heap before
{Heap before GC invocations=18 (full 3):
 PSYoungGen      total 293888K, used 270616K [0x00000007aab00000, 0x00000007bf800000, 0x00000007c0000000)
  eden space 259072K, 97% used [0x00000007aab00000,0x00000007ba2bbab0,0x00000007ba800000)
  from space 34816K, 48% used [0x00000007bd600000,0x00000007be68a878,0x00000007bf800000)
  to   space 40960K, 0% used [0x00000007ba800000,0x00000007ba800000,0x00000007bd000000)
 ParOldGen       total 96256K, used 30418K [0x0000000780000000, 0x0000000785e00000, 0x00000007aab00000)
  object space 96256K, 31% used [0x0000000780000000,0x0000000781db4af8,0x0000000785e00000)
 Metaspace       used 65921K, capacity 66862K, committed 67200K, reserved 1107968K
  class space    used 7814K, capacity 8063K, committed 8064K, reserved 1048576K
Event: 26,146 GC heap after
Heap after GC invocations=18 (full 3):
 PSYoungGen      total 300032K, used 25560K [0x00000007aab00000, 0x00000007c0000000, 0x00000007c0000000)
  eden space 259072K, 0% used [0x00000007aab00000,0x00000007aab00000,0x00000007ba800000)
  from space 40960K, 62% used [0x00000007ba800000,0x00000007bc0f6148,0x00000007bd000000)
  to   space 41984K, 0% used [0x00000007bd700000,0x00000007bd700000,0x00000007c0000000)
 ParOldGen       total 96256K, used 30426K [0x0000000780000000, 0x0000000785e00000, 0x00000007aab00000)
  object space 96256K, 31% used [0x0000000780000000,0x0000000781db6af8,0x0000000785e00000)
 Metaspace       used 65921K, capacity 66862K, committed 67200K, reserved 1107968K
  class space    used 7814K, capacity 8063K, committed 8064K, reserved 1048576K
}
Event: 26,146 GC heap before
{Heap before GC invocations=19 (full 4):
 PSYoungGen      total 300032K, used 25560K [0x00000007aab00000, 0x00000007c0000000, 0x00000007c0000000)
  eden space 259072K, 0% used [0x00000007aab00000,0x00000007aab00000,0x00000007ba800000)
  from space 40960K, 62% used [0x00000007ba800000,0x00000007bc0f6148,0x00000007bd000000)
  to   space 41984K, 0% used [0x00000007bd700000,0x00000007bd700000,0x00000007c0000000)
 ParOldGen       total 96256K, used 30426K [0x0000000780000000, 0x0000000785e00000, 0x00000007aab00000)
  object space 96256K, 31% used [0x0000000780000000,0x0000000781db6af8,0x0000000785e00000)
 Metaspace       used 65921K, capacity 66862K, committed 67200K, reserved 1107968K
  class space    used 7814K, capacity 8063K, committed 8064K, reserved 1048576K
Event: 26,361 GC heap after
Heap after GC invocations=19 (full 4):
 PSYoungGen      total 300032K, used 0K [0x00000007aab00000, 0x00000007c0000000, 0x00000007c0000000)
  eden space 259072K, 0% used [0x00000007aab00000,0x00000007aab00000,0x00000007ba800000)
  from space 40960K, 0% used [0x00000007ba800000,0x00000007ba800000,0x00000007bd000000)
  to   space 41984K, 0% used [0x00000007bd700000,0x00000007bd700000,0x00000007c0000000)
 ParOldGen       total 128512K, used 44746K [0x0000000780000000, 0x0000000787d80000, 0x00000007aab00000)
  object space 128512K, 34% used [0x0000000780000000,0x0000000782bb2b50,0x0000000787d80000)
 Metaspace       used 65921K, capacity 66862K, committed 67200K, reserved 1107968K
  class space    used 7814K, capacity 8063K, committed 8064K, reserved 1048576K
}

